<?xml version="1.0" encoding="UTF-8"?>
<!-- Generated by org.testng.reporters.JUnitReportReporter -->
<testsuite hostname="Kunal-Lenovo" name="Org.qsp.testngdemo.Demo6TNG" tests="6" failures="0" timestamp="28 Jul 2020 05:49:36 GMT" time="0.028" errors="0">
  <testcase name="m2" time="0.002" classname="Org.qsp.testngdemo.Demo6TNG"/>
  <testcase name="m3" time="0.001" classname="Org.qsp.testngdemo.Demo6TNG"/>
  <testcase name="m5" time="0.001" classname="Org.qsp.testngdemo.Demo6TNG"/>
  <testcase name="m6" time="0.001" classname="Org.qsp.testngdemo.Demo6TNG"/>
  <testcase name="m4" time="0.001" classname="Org.qsp.testngdemo.Demo6TNG"/>
  <testcase name="m1" time="0.022" classname="Org.qsp.testngdemo.Demo6TNG"/>
</testsuite> <!-- Org.qsp.testngdemo.Demo6TNG -->
