<?xml version="1.0" encoding="UTF-8"?>
<!-- Generated by org.testng.reporters.JUnitReportReporter -->
<testsuite hostname="Kunal-Lenovo" name="Org.qsp.testngdemo.RoyceMotorTNG" tests="1" failures="0" timestamp="29 Jul 2020 04:10:37 GMT" time="22.752" errors="0">
  <testcase name="M1" time="22.752" classname="Org.qsp.testngdemo.RoyceMotorTNG"/>
</testsuite> <!-- Org.qsp.testngdemo.RoyceMotorTNG -->
