<?xml version="1.0" encoding="UTF-8"?>
<!-- Generated by org.testng.reporters.JUnitReportReporter -->
<testsuite hostname="Kunal-Lenovo" name="Org.qsp.testngdemo.ActiTestNG" tests="2" failures="0" timestamp="28 Jul 2020 15:52:04 GMT" time="42.528" errors="0">
  <testcase name="m1" time="19.616" classname="Org.qsp.testngdemo.ActiTestNG"/>
  <testcase name="m2" time="22.912" classname="Org.qsp.testngdemo.ActiTestNG"/>
</testsuite> <!-- Org.qsp.testngdemo.ActiTestNG -->
