<?xml version="1.0" encoding="UTF-8"?>
<!-- Generated by org.testng.reporters.JUnitReportReporter -->
<testsuite hostname="Kunal-Lenovo" name="Org.qsp.testngdemo.Demo7TNG" tests="2" failures="0" timestamp="29 Jul 2020 04:38:06 GMT" time="0.019" errors="0">
  <testcase name="m3" time="0.001" classname="Org.qsp.testngdemo.Demo7TNG"/>
  <testcase name="m1" time="0.018" classname="Org.qsp.testngdemo.Demo7TNG"/>
</testsuite> <!-- Org.qsp.testngdemo.Demo7TNG -->
