<?xml version="1.0" encoding="UTF-8"?>
<!-- Generated by org.testng.reporters.JUnitReportReporter -->
<testsuite hostname="Kunal-Lenovo" name="Org.qsp.testngdemo.Demo2TestNG" tests="3" failures="0" timestamp="28 Jul 2020 15:23:52 GMT" time="0.033" errors="0">
  <testcase name="m1" time="0.018" classname="Org.qsp.testngdemo.Demo2TestNG"/>
  <testcase name="m1" time="0.003" classname="Org.qsp.testngdemo.Demo2TestNG"/>
  <testcase name="m1" time="0.012" classname="Org.qsp.testngdemo.Demo2TestNG"/>
</testsuite> <!-- Org.qsp.testngdemo.Demo2TestNG -->
