<?xml version="1.0" encoding="UTF-8"?>
<!-- Generated by org.testng.reporters.JUnitReportReporter -->
<testsuite hostname="Kunal-Lenovo" name="Org.qsp.testngdemo.ReadData" tests="5" failures="0" timestamp="30 Jul 2020 06:53:49 GMT" time="0.019" errors="0">
  <testcase name="m1" time="0.001" classname="Org.qsp.testngdemo.ReadData"/>
  <testcase name="m1" time="0.003" classname="Org.qsp.testngdemo.ReadData"/>
  <testcase name="m1" time="0.001" classname="Org.qsp.testngdemo.ReadData"/>
  <testcase name="m1" time="0.013" classname="Org.qsp.testngdemo.ReadData"/>
  <testcase name="m1" time="0.001" classname="Org.qsp.testngdemo.ReadData"/>
</testsuite> <!-- Org.qsp.testngdemo.ReadData -->
