<?xml version="1.0" encoding="UTF-8"?>
<!-- Generated by org.testng.reporters.JUnitReportReporter -->
<testsuite hostname="Kunal-Lenovo" name="Org.qsp.testngdemo.Demo1TNG" tests="2" failures="0" timestamp="28 Jul 2020 06:00:07 GMT" time="0.030" errors="0">
  <testcase name="m3" time="0.028" classname="Org.qsp.testngdemo.Demo1TNG"/>
  <testcase name="m1" time="0.002" classname="Org.qsp.testngdemo.Demo1TNG"/>
</testsuite> <!-- Org.qsp.testngdemo.Demo1TNG -->
