<?xml version="1.0" encoding="UTF-8"?>
<!-- Generated by org.testng.reporters.JUnitReportReporter -->
<testsuite hostname="Kunal-Lenovo" name="Org.qsp.testngdemo.Demo4TestNG" tests="2" failures="0" timestamp="28 Jul 2020 05:27:49 GMT" time="0.027" errors="0">
  <testcase name="m1" time="0.026" classname="Org.qsp.testngdemo.Demo4TestNG"/>
  <testcase name="m3" time="0.001" classname="Org.qsp.testngdemo.Demo4TestNG"/>
</testsuite> <!-- Org.qsp.testngdemo.Demo4TestNG -->
