<?xml version="1.0" encoding="UTF-8"?>
<!-- Generated by org.testng.reporters.JUnitReportReporter -->
<testsuite hostname="Kunal-Lenovo" name="Org.qsp.testngdemo.Demo10TNG" tests="3" failures="0" timestamp="29 Jul 2020 05:18:00 GMT" time="0.040" errors="0">
  <testcase name="m1" time="0.004" classname="Org.qsp.testngdemo.Demo10TNG"/>
  <testcase name="m2" time="0.002" classname="Org.qsp.testngdemo.Demo10TNG"/>
  <testcase name="m3" time="0.034" classname="Org.qsp.testngdemo.Demo10TNG"/>
</testsuite> <!-- Org.qsp.testngdemo.Demo10TNG -->
