<?xml version="1.0" encoding="UTF-8"?>
<!-- Generated by org.testng.reporters.JUnitReportReporter -->
<testsuite hostname="Kunal-Lenovo" name="Org.qsp.testngdemo.Demo5TestNG" tests="5" failures="0" timestamp="28 Jul 2020 05:32:26 GMT" time="0.059" errors="0">
  <testcase name="m2" time="0.003" classname="Org.qsp.testngdemo.Demo5TestNG"/>
  <testcase name="m2" time="0.001" classname="Org.qsp.testngdemo.Demo5TestNG"/>
  <testcase name="m1" time="0.002" classname="Org.qsp.testngdemo.Demo5TestNG"/>
  <testcase name="m2" time="0.002" classname="Org.qsp.testngdemo.Demo5TestNG"/>
  <testcase name="m3" time="0.051" classname="Org.qsp.testngdemo.Demo5TestNG"/>
</testsuite> <!-- Org.qsp.testngdemo.Demo5TestNG -->
