<?xml version="1.0" encoding="UTF-8"?>
<!-- Generated by org.testng.reporters.JUnitReportReporter -->
<testsuite hostname="Kunal-Lenovo" name="Org.qsp.testngdemo.DataProviderTNG" tests="3" failures="0" timestamp="30 Jul 2020 04:59:23 GMT" time="0.076" errors="0">
  <testcase name="m1" time="0.001" classname="Org.qsp.testngdemo.DataProviderTNG"/>
  <testcase name="m1" time="0.004" classname="Org.qsp.testngdemo.DataProviderTNG"/>
  <testcase name="m1" time="0.071" classname="Org.qsp.testngdemo.DataProviderTNG"/>
</testsuite> <!-- Org.qsp.testngdemo.DataProviderTNG -->
