<?xml version="1.0" encoding="UTF-8"?>
<!-- Generated by org.testng.reporters.JUnitReportReporter -->
<testsuite hostname="Kunal-Lenovo" name="Org.qsp.testngdemo.DemoTestNg" tests="2" failures="0" timestamp="24 Jul 2020 13:04:23 GMT" time="18.561" errors="0">
  <testcase name="m1" time="18.559" classname="Org.qsp.testngdemo.DemoTestNg"/>
  <testcase name="m2" time="0.002" classname="Org.qsp.testngdemo.DemoTestNg"/>
</testsuite> <!-- Org.qsp.testngdemo.DemoTestNg -->
